
1 row created.

Elapsed: 00:00:00.01

  COUNT(1)
----------
	 1

Elapsed: 00:00:00.00

1 row created.

Elapsed: 00:00:00.00

  COUNT(1)
----------
	 2

Elapsed: 00:00:00.00

1 row created.

Elapsed: 00:00:00.00

  COUNT(1)
----------
	 3

Elapsed: 00:00:00.00

1 row created.

Elapsed: 00:00:00.00

  COUNT(1)
----------
	 4

Elapsed: 00:00:00.00

1 row created.

Elapsed: 00:00:00.00

  COUNT(1)
----------
	 5

Elapsed: 00:00:00.00

1 row created.

Elapsed: 00:00:00.00

  COUNT(1)
----------
	 6

Elapsed: 00:00:00.00

1 row created.

Elapsed: 00:00:00.00

  COUNT(1)
----------
	 7

Elapsed: 00:00:00.00

1 row created.

Elapsed: 00:00:00.00

  COUNT(1)
----------
	 8

Elapsed: 00:00:00.00

1 row created.

Elapsed: 00:00:00.00

  COUNT(1)
----------
	 9

Elapsed: 00:00:00.00

1 row created.

Elapsed: 00:00:00.00

  COUNT(1)
----------
	10

Elapsed: 00:00:00.00

1 row created.

Elapsed: 00:00:00.00

  COUNT(1)
----------
	11

Elapsed: 00:00:00.00

1 row created.

Elapsed: 00:00:00.00

  COUNT(1)
----------
	12

Elapsed: 00:00:00.00

1 row created.

Elapsed: 00:00:00.00

  COUNT(1)
----------
	13

Elapsed: 00:00:00.00

1 row created.

Elapsed: 00:00:00.00

  COUNT(1)
----------
	14

Elapsed: 00:00:00.00

1 row created.

Elapsed: 00:00:00.01

  COUNT(1)
----------
	15

Elapsed: 00:00:00.00

1 row created.

Elapsed: 00:00:00.00

  COUNT(1)
----------
	16

Elapsed: 00:00:00.00

1 row created.

Elapsed: 00:00:00.00

  COUNT(1)
----------
	17

Elapsed: 00:00:00.00

1 row created.

Elapsed: 00:00:00.01

  COUNT(1)
----------
	18

Elapsed: 00:00:00.00

1 row created.

Elapsed: 00:00:00.00

  COUNT(1)
----------
	19

Elapsed: 00:00:00.00

1 row created.

Elapsed: 00:00:00.00

  COUNT(1)
----------
	20

Elapsed: 00:00:00.00

1 row created.

Elapsed: 00:00:00.01

  COUNT(1)
----------
	21

Elapsed: 00:00:00.00

1 row created.

Elapsed: 00:00:00.00

  COUNT(1)
----------
	22

Elapsed: 00:00:00.00

1 row created.

Elapsed: 00:00:00.00

  COUNT(1)
----------
	23

Elapsed: 00:00:00.00

1 row created.

Elapsed: 00:00:00.00

  COUNT(1)
----------
	24

Elapsed: 00:00:00.00

1 row created.

Elapsed: 00:00:00.00

  COUNT(1)
----------
	25

Elapsed: 00:00:00.00

1 row created.

Elapsed: 00:00:00.00

  COUNT(1)
----------
	26

Elapsed: 00:00:00.00

1 row created.

Elapsed: 00:00:00.00

  COUNT(1)
----------
	27

Elapsed: 00:00:00.00

1 row created.

Elapsed: 00:00:00.00

  COUNT(1)
----------
	28

Elapsed: 00:00:00.00

1 row created.

Elapsed: 00:00:00.00

  COUNT(1)
----------
	29

Elapsed: 00:00:00.00

1 row created.

Elapsed: 00:00:00.00

  COUNT(1)
----------
	30

Elapsed: 00:00:00.00

1 row created.

Elapsed: 00:00:00.00

  COUNT(1)
----------
	31

Elapsed: 00:00:00.00

1 row created.

Elapsed: 00:00:00.00

  COUNT(1)
----------
	32

Elapsed: 00:00:00.00

1 row created.

Elapsed: 00:00:00.00

  COUNT(1)
----------
	33

Elapsed: 00:00:00.00

1 row created.

Elapsed: 00:00:00.01

  COUNT(1)
----------
	34

Elapsed: 00:00:00.00

1 row created.

Elapsed: 00:00:00.00

  COUNT(1)
----------
	35

Elapsed: 00:00:00.00

1 row created.

Elapsed: 00:00:00.00

  COUNT(1)
----------
	36

Elapsed: 00:00:00.00

1 row created.

Elapsed: 00:00:00.00

  COUNT(1)
----------
	37

Elapsed: 00:00:00.00

1 row created.

Elapsed: 00:00:00.01

  COUNT(1)
----------
	38

Elapsed: 00:00:00.00

1 row created.

Elapsed: 00:00:00.00

  COUNT(1)
----------
	39

Elapsed: 00:00:00.00

1 row created.

Elapsed: 00:00:00.00

  COUNT(1)
----------
	40

Elapsed: 00:00:00.00

1 row created.

Elapsed: 00:00:00.00

  COUNT(1)
----------
	41

Elapsed: 00:00:00.00

1 row created.

Elapsed: 00:00:00.00

  COUNT(1)
----------
	42

Elapsed: 00:00:00.00

1 row created.

Elapsed: 00:00:00.00

  COUNT(1)
----------
	43

Elapsed: 00:00:00.00

1 row created.

Elapsed: 00:00:00.00

  COUNT(1)
----------
	44

Elapsed: 00:00:00.00

1 row created.

Elapsed: 00:00:00.00

  COUNT(1)
----------
	45

Elapsed: 00:00:00.00

1 row created.

Elapsed: 00:00:00.00

  COUNT(1)
----------
	46

Elapsed: 00:00:00.00

1 row created.

Elapsed: 00:00:00.00

  COUNT(1)
----------
	47

Elapsed: 00:00:00.00

1 row created.

Elapsed: 00:00:00.00

  COUNT(1)
----------
	48

Elapsed: 00:00:00.00

1 row created.

Elapsed: 00:00:00.00

  COUNT(1)
----------
	49

Elapsed: 00:00:00.00

1 row created.

Elapsed: 00:00:00.00

  COUNT(1)
----------
	50

Elapsed: 00:00:00.00

1 row created.

Elapsed: 00:00:00.00

  COUNT(1)
----------
	51

Elapsed: 00:00:00.00

1 row created.

Elapsed: 00:00:00.00

  COUNT(1)
----------
	52

Elapsed: 00:00:00.00

1 row created.

Elapsed: 00:00:00.01

  COUNT(1)
----------
	53

Elapsed: 00:00:00.00

1 row created.

Elapsed: 00:00:00.00

  COUNT(1)
----------
	54

Elapsed: 00:00:00.00

1 row created.

Elapsed: 00:00:00.00

  COUNT(1)
----------
	55

Elapsed: 00:00:00.00

1 row created.

Elapsed: 00:00:00.00

  COUNT(1)
----------
	56

Elapsed: 00:00:00.00

1 row created.

Elapsed: 00:00:00.01

  COUNT(1)
----------
	57

Elapsed: 00:00:00.00

1 row created.

Elapsed: 00:00:00.00

  COUNT(1)
----------
	58

Elapsed: 00:00:00.00

1 row created.

Elapsed: 00:00:00.00

  COUNT(1)
----------
	59

Elapsed: 00:00:00.00

1 row created.

Elapsed: 00:00:00.00

  COUNT(1)
----------
	60

Elapsed: 00:00:00.00

1 row created.

Elapsed: 00:00:00.00

  COUNT(1)
----------
	61

Elapsed: 00:00:00.00

1 row created.

Elapsed: 00:00:00.00

  COUNT(1)
----------
	62

Elapsed: 00:00:00.00

1 row created.

Elapsed: 00:00:00.00

  COUNT(1)
----------
	63

Elapsed: 00:00:00.00

1 row created.

Elapsed: 00:00:00.00

  COUNT(1)
----------
	64

Elapsed: 00:00:00.00

1 row created.

Elapsed: 00:00:00.00

  COUNT(1)
----------
	65

Elapsed: 00:00:00.00

1 row created.

Elapsed: 00:00:00.00

  COUNT(1)
----------
	66

Elapsed: 00:00:00.00

1 row created.

Elapsed: 00:00:00.00

  COUNT(1)
----------
	67

Elapsed: 00:00:00.00

1 row created.

Elapsed: 00:00:00.00

  COUNT(1)
----------
	68

Elapsed: 00:00:00.00

1 row created.

Elapsed: 00:00:00.00

  COUNT(1)
----------
	69

Elapsed: 00:00:00.00

1 row created.

Elapsed: 00:00:00.00

  COUNT(1)
----------
	70

Elapsed: 00:00:00.00

1 row created.

Elapsed: 00:00:00.01

  COUNT(1)
----------
	71

Elapsed: 00:00:00.00

1 row created.

Elapsed: 00:00:00.00

  COUNT(1)
----------
	72

Elapsed: 00:00:00.00

1 row created.

Elapsed: 00:00:00.00

  COUNT(1)
----------
	73

Elapsed: 00:00:00.00

1 row created.

Elapsed: 00:00:00.00

  COUNT(1)
----------
	74

Elapsed: 00:00:00.01

1 row created.

Elapsed: 00:00:00.00

  COUNT(1)
----------
	75

Elapsed: 00:00:00.00

1 row created.

Elapsed: 00:00:00.00

  COUNT(1)
----------
	76

Elapsed: 00:00:00.00

1 row created.

Elapsed: 00:00:00.00

  COUNT(1)
----------
	77

Elapsed: 00:00:00.00

1 row created.

Elapsed: 00:00:00.00

  COUNT(1)
----------
	78

Elapsed: 00:00:00.00

1 row created.

Elapsed: 00:00:00.00

  COUNT(1)
----------
	79

Elapsed: 00:00:00.00

1 row created.

Elapsed: 00:00:00.00

  COUNT(1)
----------
	80

Elapsed: 00:00:00.00

1 row created.

Elapsed: 00:00:00.00

  COUNT(1)
----------
	81

Elapsed: 00:00:00.00

1 row created.

Elapsed: 00:00:00.00

  COUNT(1)
----------
	82

Elapsed: 00:00:00.01

1 row created.

Elapsed: 00:00:00.00

  COUNT(1)
----------
	83

Elapsed: 00:00:00.00

1 row created.

Elapsed: 00:00:00.00

  COUNT(1)
----------
	84

Elapsed: 00:00:00.00

1 row created.

Elapsed: 00:00:00.00

  COUNT(1)
----------
	85

Elapsed: 00:00:00.00

1 row created.

Elapsed: 00:00:00.00

  COUNT(1)
----------
	86

Elapsed: 00:00:00.00

1 row created.

Elapsed: 00:00:00.00

  COUNT(1)
----------
	87

Elapsed: 00:00:00.00

1 row created.

Elapsed: 00:00:00.00

  COUNT(1)
----------
	88

Elapsed: 00:00:00.00

1 row created.

Elapsed: 00:00:00.00

  COUNT(1)
----------
	89

Elapsed: 00:00:00.00

1 row created.

Elapsed: 00:00:00.00

  COUNT(1)
----------
	90

Elapsed: 00:00:00.00

1 row created.

Elapsed: 00:00:00.00

  COUNT(1)
----------
	91

Elapsed: 00:00:00.00

1 row created.

Elapsed: 00:00:00.00

  COUNT(1)
----------
	92

Elapsed: 00:00:00.00

1 row created.

Elapsed: 00:00:00.01

  COUNT(1)
----------
	93

Elapsed: 00:00:00.00

1 row created.

Elapsed: 00:00:00.00

  COUNT(1)
----------
	94

Elapsed: 00:00:00.00

1 row created.

Elapsed: 00:00:00.00

  COUNT(1)
----------
	95

Elapsed: 00:00:00.00

1 row created.

Elapsed: 00:00:00.00

  COUNT(1)
----------
	96

Elapsed: 00:00:00.00

1 row created.

Elapsed: 00:00:00.00

  COUNT(1)
----------
	97

Elapsed: 00:00:00.00

1 row created.

Elapsed: 00:00:00.00

  COUNT(1)
----------
	98

Elapsed: 00:00:00.00

1 row created.

Elapsed: 00:00:00.01

  COUNT(1)
----------
	99

Elapsed: 00:00:00.00

1 row created.

Elapsed: 00:00:00.00

  COUNT(1)
----------
       100

Elapsed: 00:00:00.00

1 row created.

Elapsed: 00:00:00.00

  COUNT(1)
----------
       101

Elapsed: 00:00:00.00

1 row created.

Elapsed: 00:00:00.00

  COUNT(1)
----------
       102

Elapsed: 00:00:00.00

1 row created.

Elapsed: 00:00:00.00

  COUNT(1)
----------
       103

Elapsed: 00:00:00.00

1 row created.

Elapsed: 00:00:00.00

  COUNT(1)
----------
       104

Elapsed: 00:00:00.00

1 row created.

Elapsed: 00:00:00.00

  COUNT(1)
----------
       105

Elapsed: 00:00:00.00

1 row created.

Elapsed: 00:00:00.00

  COUNT(1)
----------
       106

Elapsed: 00:00:00.00

1 row created.

Elapsed: 00:00:00.00

  COUNT(1)
----------
       107

Elapsed: 00:00:00.00

1 row created.

Elapsed: 00:00:00.00

  COUNT(1)
----------
       108

Elapsed: 00:00:00.00

1 row created.

Elapsed: 00:00:00.00

  COUNT(1)
----------
       109

Elapsed: 00:00:00.00

1 row created.

Elapsed: 00:00:00.00

  COUNT(1)
----------
       110

Elapsed: 00:00:00.00

1 row created.

Elapsed: 00:00:00.00

  COUNT(1)
----------
       111

Elapsed: 00:00:00.00

1 row created.

Elapsed: 00:00:00.00

  COUNT(1)
----------
       112

Elapsed: 00:00:00.00

1 row created.

Elapsed: 00:00:00.00

  COUNT(1)
----------
       113

Elapsed: 00:00:00.00

1 row created.

Elapsed: 00:00:00.00

  COUNT(1)
----------
       114

Elapsed: 00:00:00.00

1 row created.

Elapsed: 00:00:00.00

  COUNT(1)
----------
       115

Elapsed: 00:00:00.00

1 row created.

Elapsed: 00:00:00.00

  COUNT(1)
----------
       116

Elapsed: 00:00:00.00

1 row created.

Elapsed: 00:00:00.00

  COUNT(1)
----------
       117

Elapsed: 00:00:00.00

1 row created.

Elapsed: 00:00:00.00

  COUNT(1)
----------
       118

Elapsed: 00:00:00.00

1 row created.

Elapsed: 00:00:00.00

  COUNT(1)
----------
       119

Elapsed: 00:00:00.00

1 row created.

Elapsed: 00:00:00.00

  COUNT(1)
----------
       120

Elapsed: 00:00:00.00

1 row created.

Elapsed: 00:00:00.01

  COUNT(1)
----------
       121

Elapsed: 00:00:00.00

1 row created.

Elapsed: 00:00:00.00

  COUNT(1)
----------
       122

Elapsed: 00:00:00.00

1 row created.

Elapsed: 00:00:00.00

  COUNT(1)
----------
       123

Elapsed: 00:00:00.00

1 row created.

Elapsed: 00:00:00.00

  COUNT(1)
----------
       124

Elapsed: 00:00:00.00

1 row created.

Elapsed: 00:00:00.00

  COUNT(1)
----------
       125

Elapsed: 00:00:00.00

1 row created.

Elapsed: 00:00:00.00

  COUNT(1)
----------
       126

Elapsed: 00:00:00.00

1 row created.

Elapsed: 00:00:00.01

  COUNT(1)
----------
       127

Elapsed: 00:00:00.00

1 row created.

Elapsed: 00:00:00.00

  COUNT(1)
----------
       128

Elapsed: 00:00:00.00

1 row created.

Elapsed: 00:00:00.00

  COUNT(1)
----------
       129

Elapsed: 00:00:00.00

1 row created.

Elapsed: 00:00:00.00

  COUNT(1)
----------
       130

Elapsed: 00:00:00.00

1 row created.

Elapsed: 00:00:00.00

  COUNT(1)
----------
       131

Elapsed: 00:00:00.00

1 row created.

Elapsed: 00:00:00.00

  COUNT(1)
----------
       132

Elapsed: 00:00:00.00

1 row created.

Elapsed: 00:00:00.00

  COUNT(1)
----------
       133

Elapsed: 00:00:00.00

1 row created.

Elapsed: 00:00:00.00

  COUNT(1)
----------
       134

Elapsed: 00:00:00.00

1 row created.

Elapsed: 00:00:00.00

  COUNT(1)
----------
       135

Elapsed: 00:00:00.00

1 row created.

Elapsed: 00:00:00.01

  COUNT(1)
----------
       136

Elapsed: 00:00:00.00

1 row created.

Elapsed: 00:00:00.00

  COUNT(1)
----------
       137

Elapsed: 00:00:00.00

1 row created.

Elapsed: 00:00:00.00

  COUNT(1)
----------
       138

Elapsed: 00:00:00.00

1 row created.

Elapsed: 00:00:00.00

  COUNT(1)
----------
       139

Elapsed: 00:00:00.00

1 row created.

Elapsed: 00:00:00.00

  COUNT(1)
----------
       140

Elapsed: 00:00:00.00

1 row created.

Elapsed: 00:00:00.01

  COUNT(1)
----------
       141

Elapsed: 00:00:00.00

1 row created.

Elapsed: 00:00:00.00

  COUNT(1)
----------
       142

Elapsed: 00:00:00.00

1 row created.

Elapsed: 00:00:00.00

  COUNT(1)
----------
       143

Elapsed: 00:00:00.00

1 row created.

Elapsed: 00:00:00.00

  COUNT(1)
----------
       144

Elapsed: 00:00:00.00

1 row created.

Elapsed: 00:00:00.00

  COUNT(1)
----------
       145

Elapsed: 00:00:00.00

1 row created.

Elapsed: 00:00:00.00

  COUNT(1)
----------
       146

Elapsed: 00:00:00.00

1 row created.

Elapsed: 00:00:00.00

  COUNT(1)
----------
       147

Elapsed: 00:00:00.00

1 row created.

Elapsed: 00:00:00.00

  COUNT(1)
----------
       148

Elapsed: 00:00:00.00

1 row created.

Elapsed: 00:00:00.00

  COUNT(1)
----------
       149

Elapsed: 00:00:00.00

1 row created.

Elapsed: 00:00:00.00

  COUNT(1)
----------
       150

Elapsed: 00:00:00.00

1 row created.

Elapsed: 00:00:00.00

  COUNT(1)
----------
       151

Elapsed: 00:00:00.00

1 row created.

Elapsed: 00:00:00.00

  COUNT(1)
----------
       152

Elapsed: 00:00:00.00

1 row created.

Elapsed: 00:00:00.00

  COUNT(1)
----------
       153

Elapsed: 00:00:00.00

1 row created.

Elapsed: 00:00:00.00

  COUNT(1)
----------
       154

Elapsed: 00:00:00.00

1 row created.

Elapsed: 00:00:00.00

  COUNT(1)
----------
       155

Elapsed: 00:00:00.00

1 row created.

Elapsed: 00:00:00.00

  COUNT(1)
----------
       156

Elapsed: 00:00:00.00

1 row created.

Elapsed: 00:00:00.00

  COUNT(1)
----------
       157

Elapsed: 00:00:00.00

1 row created.

Elapsed: 00:00:00.00

  COUNT(1)
----------
       158

Elapsed: 00:00:00.00

1 row created.

Elapsed: 00:00:00.00

  COUNT(1)
----------
       159

Elapsed: 00:00:00.00

1 row created.

Elapsed: 00:00:00.00

  COUNT(1)
----------
       160

Elapsed: 00:00:00.01

1 row created.

Elapsed: 00:00:00.00

  COUNT(1)
----------
       161

Elapsed: 00:00:00.00

1 row created.

Elapsed: 00:00:00.00

  COUNT(1)
----------
       162

Elapsed: 00:00:00.00

1 row created.

Elapsed: 00:00:00.00

  COUNT(1)
----------
       163

Elapsed: 00:00:00.00

1 row created.

Elapsed: 00:00:00.00

  COUNT(1)
----------
       164

Elapsed: 00:00:00.00

1 row created.

Elapsed: 00:00:00.00

  COUNT(1)
----------
       165

Elapsed: 00:00:00.00

1 row created.

Elapsed: 00:00:00.00

  COUNT(1)
----------
       166

Elapsed: 00:00:00.00

1 row created.

Elapsed: 00:00:00.00

  COUNT(1)
----------
       167

Elapsed: 00:00:00.00

1 row created.

Elapsed: 00:00:00.00

  COUNT(1)
----------
       168

Elapsed: 00:00:00.00

1 row created.

Elapsed: 00:00:00.00

  COUNT(1)
----------
       169

Elapsed: 00:00:00.00

1 row created.

Elapsed: 00:00:00.00

  COUNT(1)
----------
       170

Elapsed: 00:00:00.00

1 row created.

Elapsed: 00:00:00.00

  COUNT(1)
----------
       171

Elapsed: 00:00:00.00

1 row created.

Elapsed: 00:00:00.00

  COUNT(1)
----------
       172

Elapsed: 00:00:00.00

1 row created.

Elapsed: 00:00:00.00

  COUNT(1)
----------
       173

Elapsed: 00:00:00.00

1 row created.

Elapsed: 00:00:00.00

  COUNT(1)
----------
       174

Elapsed: 00:00:00.00

1 row created.

Elapsed: 00:00:00.00

  COUNT(1)
----------
       175

Elapsed: 00:00:00.00

1 row created.

Elapsed: 00:00:00.00

  COUNT(1)
----------
       176

Elapsed: 00:00:00.00

1 row created.

Elapsed: 00:00:00.00

  COUNT(1)
----------
       177

Elapsed: 00:00:00.00

1 row created.

Elapsed: 00:00:00.00

  COUNT(1)
----------
       178

Elapsed: 00:00:00.00

1 row created.

Elapsed: 00:00:00.00

  COUNT(1)
----------
       179

Elapsed: 00:00:00.00

1 row created.

Elapsed: 00:00:00.00

  COUNT(1)
----------
       180

Elapsed: 00:00:00.00

1 row created.

Elapsed: 00:00:00.00

  COUNT(1)
----------
       181

Elapsed: 00:00:00.00

1 row created.

Elapsed: 00:00:00.01

  COUNT(1)
----------
       182

Elapsed: 00:00:00.00

1 row created.

Elapsed: 00:00:00.00

  COUNT(1)
----------
       183

Elapsed: 00:00:00.00

1 row created.

Elapsed: 00:00:00.00

  COUNT(1)
----------
       184

Elapsed: 00:00:00.00

1 row created.

Elapsed: 00:00:00.00

  COUNT(1)
----------
       185

Elapsed: 00:00:00.00

1 row created.

Elapsed: 00:00:00.00

  COUNT(1)
----------
       186

Elapsed: 00:00:00.00

1 row created.

Elapsed: 00:00:00.00

  COUNT(1)
----------
       187

Elapsed: 00:00:00.00

1 row created.

Elapsed: 00:00:00.00

  COUNT(1)
----------
       188

Elapsed: 00:00:00.00

1 row created.

Elapsed: 00:00:00.00

  COUNT(1)
----------
       189

Elapsed: 00:00:00.00

1 row created.

Elapsed: 00:00:00.00

  COUNT(1)
----------
       190

Elapsed: 00:00:00.00

1 row created.

Elapsed: 00:00:00.00

  COUNT(1)
----------
       191

Elapsed: 00:00:00.00

1 row created.

Elapsed: 00:00:00.00

  COUNT(1)
----------
       192

Elapsed: 00:00:00.00

1 row created.

Elapsed: 00:00:00.00

  COUNT(1)
----------
       193

Elapsed: 00:00:00.00

1 row created.

Elapsed: 00:00:00.00

  COUNT(1)
----------
       194

Elapsed: 00:00:00.00

1 row created.

Elapsed: 00:00:00.01

  COUNT(1)
----------
       195

Elapsed: 00:00:00.00

1 row created.

Elapsed: 00:00:00.00

  COUNT(1)
----------
       196

Elapsed: 00:00:00.00

1 row created.

Elapsed: 00:00:00.00

  COUNT(1)
----------
       197

Elapsed: 00:00:00.00

1 row created.

Elapsed: 00:00:00.00

  COUNT(1)
----------
       198

Elapsed: 00:00:00.00

1 row created.

Elapsed: 00:00:00.00

  COUNT(1)
----------
       199

Elapsed: 00:00:00.00

1 row created.

Elapsed: 00:00:00.00

  COUNT(1)
----------
       200

Elapsed: 00:00:00.00

1 row created.

Elapsed: 00:00:00.00

  COUNT(1)
----------
       201

Elapsed: 00:00:00.00

1 row created.

Elapsed: 00:00:00.00

  COUNT(1)
----------
       202

Elapsed: 00:00:00.00

1 row created.

Elapsed: 00:00:00.00

  COUNT(1)
----------
       203

Elapsed: 00:00:00.00

1 row created.

Elapsed: 00:00:00.00

  COUNT(1)
----------
       204

Elapsed: 00:00:00.00

1 row created.

Elapsed: 00:00:00.00

  COUNT(1)
----------
       205

Elapsed: 00:00:00.00

1 row created.

Elapsed: 00:00:00.00

  COUNT(1)
----------
       206

Elapsed: 00:00:00.00

1 row created.

Elapsed: 00:00:00.00

  COUNT(1)
----------
       207

Elapsed: 00:00:00.00

1 row created.

Elapsed: 00:00:00.00

  COUNT(1)
----------
       208

Elapsed: 00:00:00.00

1 row created.

Elapsed: 00:00:00.00

  COUNT(1)
----------
       209

Elapsed: 00:00:00.00

1 row created.

Elapsed: 00:00:00.00

  COUNT(1)
----------
       210

Elapsed: 00:00:00.00

1 row created.

Elapsed: 00:00:00.00

  COUNT(1)
----------
       211

Elapsed: 00:00:00.00

1 row created.

Elapsed: 00:00:00.00

  COUNT(1)
----------
       212

Elapsed: 00:00:00.00

1 row created.

Elapsed: 00:00:00.00

  COUNT(1)
----------
       213

Elapsed: 00:00:00.00

1 row created.

Elapsed: 00:00:00.00

  COUNT(1)
----------
       214

Elapsed: 00:00:00.00

1 row created.

Elapsed: 00:00:00.00

  COUNT(1)
----------
       215

Elapsed: 00:00:00.00

1 row created.

Elapsed: 00:00:00.00

  COUNT(1)
----------
       216

Elapsed: 00:00:00.00

1 row created.

Elapsed: 00:00:00.00

  COUNT(1)
----------
       217

Elapsed: 00:00:00.00

1 row created.

Elapsed: 00:00:00.00

  COUNT(1)
----------
       218

Elapsed: 00:00:00.00

1 row created.

Elapsed: 00:00:00.00

  COUNT(1)
----------
       219

Elapsed: 00:00:00.00

1 row created.

Elapsed: 00:00:00.00

  COUNT(1)
----------
       220

Elapsed: 00:00:00.00

1 row created.

Elapsed: 00:00:00.01

  COUNT(1)
----------
       221

Elapsed: 00:00:00.00

1 row created.

Elapsed: 00:00:00.01

  COUNT(1)
----------
       222

Elapsed: 00:00:00.00

1 row created.

Elapsed: 00:00:00.00

  COUNT(1)
----------
       223

Elapsed: 00:00:00.00

1 row created.

Elapsed: 00:00:00.00

  COUNT(1)
----------
       224

Elapsed: 00:00:00.00

1 row created.

Elapsed: 00:00:00.00

  COUNT(1)
----------
       225

Elapsed: 00:00:00.00

1 row created.

Elapsed: 00:00:00.00

  COUNT(1)
----------
       226

Elapsed: 00:00:00.00

1 row created.

Elapsed: 00:00:00.00

  COUNT(1)
----------
       227

Elapsed: 00:00:00.00

1 row created.

Elapsed: 00:00:00.00

  COUNT(1)
----------
       228

Elapsed: 00:00:00.00

1 row created.

Elapsed: 00:00:00.00

  COUNT(1)
----------
       229

Elapsed: 00:00:00.00

1 row created.

Elapsed: 00:00:00.00

  COUNT(1)
----------
       230

Elapsed: 00:00:00.00

1 row created.

Elapsed: 00:00:00.01

  COUNT(1)
----------
       231

Elapsed: 00:00:00.00

1 row created.

Elapsed: 00:00:00.00

  COUNT(1)
----------
       232

Elapsed: 00:00:00.00

1 row created.

Elapsed: 00:00:00.00

  COUNT(1)
----------
       233

Elapsed: 00:00:00.00

1 row created.

Elapsed: 00:00:00.00

  COUNT(1)
----------
       234

Elapsed: 00:00:00.00

1 row created.

Elapsed: 00:00:00.00

  COUNT(1)
----------
       235

Elapsed: 00:00:00.00

1 row created.

Elapsed: 00:00:00.00

  COUNT(1)
----------
       236

Elapsed: 00:00:00.00

1 row created.

Elapsed: 00:00:00.00

  COUNT(1)
----------
       237

Elapsed: 00:00:00.00

1 row created.

Elapsed: 00:00:00.00

  COUNT(1)
----------
       238

Elapsed: 00:00:00.00

1 row created.

Elapsed: 00:00:00.00

  COUNT(1)
----------
       239

Elapsed: 00:00:00.00

1 row created.

Elapsed: 00:00:00.00

  COUNT(1)
----------
       240

Elapsed: 00:00:00.00

1 row created.

Elapsed: 00:00:00.01

  COUNT(1)
----------
       241

Elapsed: 00:00:00.00

1 row created.

Elapsed: 00:00:00.00

  COUNT(1)
----------
       242

Elapsed: 00:00:00.00

1 row created.

Elapsed: 00:00:00.00

  COUNT(1)
----------
       243

Elapsed: 00:00:00.00

1 row created.

Elapsed: 00:00:00.00

  COUNT(1)
----------
       244

Elapsed: 00:00:00.00

1 row created.

Elapsed: 00:00:00.00

  COUNT(1)
----------
       245

Elapsed: 00:00:00.00

1 row created.

Elapsed: 00:00:00.00

  COUNT(1)
----------
       246

Elapsed: 00:00:00.00

1 row created.

Elapsed: 00:00:00.00

  COUNT(1)
----------
       247

Elapsed: 00:00:00.00

1 row created.

Elapsed: 00:00:00.00

  COUNT(1)
----------
       248

Elapsed: 00:00:00.00

1 row created.

Elapsed: 00:00:00.00

  COUNT(1)
----------
       249

Elapsed: 00:00:00.00

1 row created.

Elapsed: 00:00:00.00

  COUNT(1)
----------
       250

Elapsed: 00:00:00.00

1 row created.

Elapsed: 00:00:00.00

  COUNT(1)
----------
       251

Elapsed: 00:00:00.00

1 row created.

Elapsed: 00:00:00.00

  COUNT(1)
----------
       252

Elapsed: 00:00:00.00

1 row created.

Elapsed: 00:00:00.00

  COUNT(1)
----------
       253

Elapsed: 00:00:00.00

1 row created.

Elapsed: 00:00:00.00

  COUNT(1)
----------
       254

Elapsed: 00:00:00.00

1 row created.

Elapsed: 00:00:00.00

  COUNT(1)
----------
       255

Elapsed: 00:00:00.00

1 row created.

Elapsed: 00:00:00.00

  COUNT(1)
----------
       256

Elapsed: 00:00:00.00

1 row created.

Elapsed: 00:00:00.00

  COUNT(1)
----------
       257

Elapsed: 00:00:00.00

1 row created.

Elapsed: 00:00:00.00

  COUNT(1)
----------
       258

Elapsed: 00:00:00.00

1 row created.

Elapsed: 00:00:00.00

  COUNT(1)
----------
       259

Elapsed: 00:00:00.00

1 row created.

Elapsed: 00:00:00.00

  COUNT(1)
----------
       260

Elapsed: 00:00:00.00

1 row created.

Elapsed: 00:00:00.00

  COUNT(1)
----------
       261

Elapsed: 00:00:00.00

1 row created.

Elapsed: 00:00:00.00

  COUNT(1)
----------
       262

Elapsed: 00:00:00.00

1 row created.

Elapsed: 00:00:00.00

  COUNT(1)
----------
       263

Elapsed: 00:00:00.00

1 row created.

Elapsed: 00:00:00.00

  COUNT(1)
----------
       264

Elapsed: 00:00:00.00

1 row created.

Elapsed: 00:00:00.00

  COUNT(1)
----------
       265

Elapsed: 00:00:00.00

1 row created.

Elapsed: 00:00:00.00

  COUNT(1)
----------
       266

Elapsed: 00:00:00.00

1 row created.

Elapsed: 00:00:00.00

  COUNT(1)
----------
       267

Elapsed: 00:00:00.00

1 row created.

Elapsed: 00:00:00.00

  COUNT(1)
----------
       268

Elapsed: 00:00:00.00

1 row created.

Elapsed: 00:00:00.00

  COUNT(1)
----------
       269

Elapsed: 00:00:00.00

1 row created.

Elapsed: 00:00:00.00

  COUNT(1)
----------
       270

Elapsed: 00:00:00.00

1 row created.

Elapsed: 00:00:00.00

  COUNT(1)
----------
       271

Elapsed: 00:00:00.00

1 row created.

Elapsed: 00:00:00.00

  COUNT(1)
----------
       272

Elapsed: 00:00:00.00

1 row created.

Elapsed: 00:00:00.00

  COUNT(1)
----------
       273

Elapsed: 00:00:00.00

1 row created.

Elapsed: 00:00:00.00

  COUNT(1)
----------
       274

Elapsed: 00:00:00.00

1 row created.

Elapsed: 00:00:00.00

  COUNT(1)
----------
       275

Elapsed: 00:00:00.00

1 row created.

Elapsed: 00:00:00.00

  COUNT(1)
----------
       276

Elapsed: 00:00:00.00

1 row created.

Elapsed: 00:00:00.00

  COUNT(1)
----------
       277

Elapsed: 00:00:00.00

1 row created.

Elapsed: 00:00:00.00

  COUNT(1)
----------
       278

Elapsed: 00:00:00.00

1 row created.

Elapsed: 00:00:00.00

  COUNT(1)
----------
       279

Elapsed: 00:00:00.00

1 row created.

Elapsed: 00:00:00.01

  COUNT(1)
----------
       280

Elapsed: 00:00:00.00

1 row created.

Elapsed: 00:00:00.00

  COUNT(1)
----------
       281

Elapsed: 00:00:00.00

1 row created.

Elapsed: 00:00:00.00

  COUNT(1)
----------
       282

Elapsed: 00:00:00.00

1 row created.

Elapsed: 00:00:00.00

  COUNT(1)
----------
       283

Elapsed: 00:00:00.01

1 row created.

Elapsed: 00:00:00.00

  COUNT(1)
----------
       284

Elapsed: 00:00:00.00

1 row created.

Elapsed: 00:00:00.00

  COUNT(1)
----------
       285

Elapsed: 00:00:00.00

1 row created.

Elapsed: 00:00:00.00

  COUNT(1)
----------
       286

Elapsed: 00:00:00.00

1 row created.

Elapsed: 00:00:00.00

  COUNT(1)
----------
       287

Elapsed: 00:00:00.00

1 row created.

Elapsed: 00:00:00.00

  COUNT(1)
----------
       288

Elapsed: 00:00:00.00

1 row created.

Elapsed: 00:00:00.00

  COUNT(1)
----------
       289

Elapsed: 00:00:00.00

1 row created.

Elapsed: 00:00:00.00

  COUNT(1)
----------
       290

Elapsed: 00:00:00.00

1 row created.

Elapsed: 00:00:00.00

  COUNT(1)
----------
       291

Elapsed: 00:00:00.00

1 row created.

Elapsed: 00:00:00.00

  COUNT(1)
----------
       292

Elapsed: 00:00:00.00

1 row created.

Elapsed: 00:00:00.00

  COUNT(1)
----------
       293

Elapsed: 00:00:00.00

1 row created.

Elapsed: 00:00:00.00

  COUNT(1)
----------
       294

Elapsed: 00:00:00.00

1 row created.

Elapsed: 00:00:00.00

  COUNT(1)
----------
       295

Elapsed: 00:00:00.00

1 row created.

Elapsed: 00:00:00.00

  COUNT(1)
----------
       296

Elapsed: 00:00:00.00

1 row created.

Elapsed: 00:00:00.00

  COUNT(1)
----------
       297

Elapsed: 00:00:00.00

1 row created.

Elapsed: 00:00:00.01

  COUNT(1)
----------
       298

Elapsed: 00:00:00.00

1 row created.

Elapsed: 00:00:00.00

  COUNT(1)
----------
       299

Elapsed: 00:00:00.00

1 row created.

Elapsed: 00:00:00.00

  COUNT(1)
----------
       300

Elapsed: 00:00:00.00

1 row created.

Elapsed: 00:00:00.00

  COUNT(1)
----------
       301

Elapsed: 00:00:00.00

1 row created.

Elapsed: 00:00:00.01

  COUNT(1)
----------
       302

Elapsed: 00:00:00.00

1 row created.

Elapsed: 00:00:00.00

  COUNT(1)
----------
       303

Elapsed: 00:00:00.00

1 row created.

Elapsed: 00:00:00.00

  COUNT(1)
----------
       304

Elapsed: 00:00:00.00

1 row created.

Elapsed: 00:00:00.00

  COUNT(1)
----------
       305

Elapsed: 00:00:00.00

1 row created.

Elapsed: 00:00:00.00

  COUNT(1)
----------
       306

Elapsed: 00:00:00.01

1 row created.

Elapsed: 00:00:00.00

  COUNT(1)
----------
       307

Elapsed: 00:00:00.00

1 row created.

Elapsed: 00:00:00.00

  COUNT(1)
----------
       308

Elapsed: 00:00:00.00

1 row created.

Elapsed: 00:00:00.00

  COUNT(1)
----------
       309

Elapsed: 00:00:00.00

1 row created.

Elapsed: 00:00:00.00

  COUNT(1)
----------
       310

Elapsed: 00:00:00.00

1 row created.

Elapsed: 00:00:00.00

  COUNT(1)
----------
       311

Elapsed: 00:00:00.00

1 row created.

Elapsed: 00:00:00.01

  COUNT(1)
----------
       312

Elapsed: 00:00:00.00

1 row created.

Elapsed: 00:00:00.00

  COUNT(1)
----------
       313

Elapsed: 00:00:00.00

1 row created.

Elapsed: 00:00:00.00

  COUNT(1)
----------
       314

Elapsed: 00:00:00.00

1 row created.

Elapsed: 00:00:00.00

  COUNT(1)
----------
       315

Elapsed: 00:00:00.01

1 row created.

Elapsed: 00:00:00.00

  COUNT(1)
----------
       316

Elapsed: 00:00:00.00

1 row created.

Elapsed: 00:00:00.00

  COUNT(1)
----------
       317

Elapsed: 00:00:00.00

1 row created.

Elapsed: 00:00:00.00

  COUNT(1)
----------
       318

Elapsed: 00:00:00.00

1 row created.

Elapsed: 00:00:00.00

  COUNT(1)
----------
       319

Elapsed: 00:00:00.00

1 row created.

Elapsed: 00:00:00.00

  COUNT(1)
----------
       320

Elapsed: 00:00:00.00

1 row created.

Elapsed: 00:00:00.00

  COUNT(1)
----------
       321

Elapsed: 00:00:00.00

1 row created.

Elapsed: 00:00:00.00

  COUNT(1)
----------
       322

Elapsed: 00:00:00.00

1 row created.

Elapsed: 00:00:00.00

  COUNT(1)
----------
       323

Elapsed: 00:00:00.00

1 row created.

Elapsed: 00:00:00.00

  COUNT(1)
----------
       324

Elapsed: 00:00:00.00

1 row created.

Elapsed: 00:00:00.00

  COUNT(1)
----------
       325

Elapsed: 00:00:00.00

1 row created.

Elapsed: 00:00:00.00

  COUNT(1)
----------
       326

Elapsed: 00:00:00.00

1 row created.

Elapsed: 00:00:00.00

  COUNT(1)
----------
       327

Elapsed: 00:00:00.00

1 row created.

Elapsed: 00:00:00.00

  COUNT(1)
----------
       328

Elapsed: 00:00:00.00

1 row created.

Elapsed: 00:00:00.00

  COUNT(1)
----------
       329

Elapsed: 00:00:00.00

1 row created.

Elapsed: 00:00:00.00

  COUNT(1)
----------
       330

Elapsed: 00:00:00.00

1 row created.

Elapsed: 00:00:00.00

  COUNT(1)
----------
       331

Elapsed: 00:00:00.00

1 row created.

Elapsed: 00:00:00.00

  COUNT(1)
----------
       332

Elapsed: 00:00:00.00

1 row created.

Elapsed: 00:00:00.00

  COUNT(1)
----------
       333

Elapsed: 00:00:00.00

1 row created.

Elapsed: 00:00:00.00

  COUNT(1)
----------
       334

Elapsed: 00:00:00.00

1 row created.

Elapsed: 00:00:00.00

  COUNT(1)
----------
       335

Elapsed: 00:00:00.00

1 row created.

Elapsed: 00:00:00.00

  COUNT(1)
----------
       336

Elapsed: 00:00:00.00

1 row created.

Elapsed: 00:00:00.00

  COUNT(1)
----------
       337

Elapsed: 00:00:00.00

1 row created.

Elapsed: 00:00:00.00

  COUNT(1)
----------
       338

Elapsed: 00:00:00.00

1 row created.

Elapsed: 00:00:00.00

  COUNT(1)
----------
       339

Elapsed: 00:00:00.00

1 row created.

Elapsed: 00:00:00.00

  COUNT(1)
----------
       340

Elapsed: 00:00:00.00

1 row created.

Elapsed: 00:00:00.00

  COUNT(1)
----------
       341

Elapsed: 00:00:00.00

1 row created.

Elapsed: 00:00:00.00

  COUNT(1)
----------
       342

Elapsed: 00:00:00.00

1 row created.

Elapsed: 00:00:00.00

  COUNT(1)
----------
       343

Elapsed: 00:00:00.00

1 row created.

Elapsed: 00:00:00.00

  COUNT(1)
----------
       344

Elapsed: 00:00:00.00

1 row created.

Elapsed: 00:00:00.00

  COUNT(1)
----------
       345

Elapsed: 00:00:00.00

1 row created.

Elapsed: 00:00:00.00

  COUNT(1)
----------
       346

Elapsed: 00:00:00.00

1 row created.

Elapsed: 00:00:00.00

  COUNT(1)
----------
       347

Elapsed: 00:00:00.00

1 row created.

Elapsed: 00:00:00.00

  COUNT(1)
----------
       348

Elapsed: 00:00:00.00

1 row created.

Elapsed: 00:00:00.00

  COUNT(1)
----------
       349

Elapsed: 00:00:00.00

1 row created.

Elapsed: 00:00:00.00

  COUNT(1)
----------
       350

Elapsed: 00:00:00.00

1 row created.

Elapsed: 00:00:00.00

  COUNT(1)
----------
       351

Elapsed: 00:00:00.00

1 row created.

Elapsed: 00:00:00.00

  COUNT(1)
----------
       352

Elapsed: 00:00:00.00

1 row created.

Elapsed: 00:00:00.00

  COUNT(1)
----------
       353

Elapsed: 00:00:00.00

1 row created.

Elapsed: 00:00:00.00

  COUNT(1)
----------
       354

Elapsed: 00:00:00.00

1 row created.

Elapsed: 00:00:00.00

  COUNT(1)
----------
       355

Elapsed: 00:00:00.00

1 row created.

Elapsed: 00:00:00.00

  COUNT(1)
----------
       356

Elapsed: 00:00:00.00

1 row created.

Elapsed: 00:00:00.00

  COUNT(1)
----------
       357

Elapsed: 00:00:00.00

1 row created.

Elapsed: 00:00:00.00

  COUNT(1)
----------
       358

Elapsed: 00:00:00.00

1 row created.

Elapsed: 00:00:00.00

  COUNT(1)
----------
       359

Elapsed: 00:00:00.00

1 row created.

Elapsed: 00:00:00.00

  COUNT(1)
----------
       360

Elapsed: 00:00:00.00

1 row created.

Elapsed: 00:00:00.00

  COUNT(1)
----------
       361

Elapsed: 00:00:00.00

1 row created.

Elapsed: 00:00:00.00

  COUNT(1)
----------
       362

Elapsed: 00:00:00.00

1 row created.

Elapsed: 00:00:00.00

  COUNT(1)
----------
       363

Elapsed: 00:00:00.00

1 row created.

Elapsed: 00:00:00.00

  COUNT(1)
----------
       364

Elapsed: 00:00:00.00

1 row created.

Elapsed: 00:00:00.00

  COUNT(1)
----------
       365

Elapsed: 00:00:00.00

1 row created.

Elapsed: 00:00:00.00

  COUNT(1)
----------
       366

Elapsed: 00:00:00.00

1 row created.

Elapsed: 00:00:00.00

  COUNT(1)
----------
       367

Elapsed: 00:00:00.00

1 row created.

Elapsed: 00:00:00.00

  COUNT(1)
----------
       368

Elapsed: 00:00:00.00

1 row created.

Elapsed: 00:00:00.00

  COUNT(1)
----------
       369

Elapsed: 00:00:00.00

1 row created.

Elapsed: 00:00:00.00

  COUNT(1)
----------
       370

Elapsed: 00:00:00.00

1 row created.

Elapsed: 00:00:00.00

  COUNT(1)
----------
       371

Elapsed: 00:00:00.00

1 row created.

Elapsed: 00:00:00.00

  COUNT(1)
----------
       372

Elapsed: 00:00:00.00

1 row created.

Elapsed: 00:00:00.00

  COUNT(1)
----------
       373

Elapsed: 00:00:00.00

1 row created.

Elapsed: 00:00:00.00

  COUNT(1)
----------
       374

Elapsed: 00:00:00.00

1 row created.

Elapsed: 00:00:00.00

  COUNT(1)
----------
       375

Elapsed: 00:00:00.00

1 row created.

Elapsed: 00:00:00.00

  COUNT(1)
----------
       376

Elapsed: 00:00:00.00

1 row created.

Elapsed: 00:00:00.00

  COUNT(1)
----------
       377

Elapsed: 00:00:00.00

1 row created.

Elapsed: 00:00:00.00

  COUNT(1)
----------
       378

Elapsed: 00:00:00.00

1 row created.

Elapsed: 00:00:00.00

  COUNT(1)
----------
       379

Elapsed: 00:00:00.00

1 row created.

Elapsed: 00:00:00.00

  COUNT(1)
----------
       380

Elapsed: 00:00:00.00

1 row created.

Elapsed: 00:00:00.00

  COUNT(1)
----------
       381

Elapsed: 00:00:00.00

1 row created.

Elapsed: 00:00:00.00

  COUNT(1)
----------
       382

Elapsed: 00:00:00.00

1 row created.

Elapsed: 00:00:00.01

  COUNT(1)
----------
       383

Elapsed: 00:00:00.00

1 row created.

Elapsed: 00:00:00.00

  COUNT(1)
----------
       384

Elapsed: 00:00:00.00

1 row created.

Elapsed: 00:00:00.00

  COUNT(1)
----------
       385

Elapsed: 00:00:00.00

1 row created.

Elapsed: 00:00:00.00

  COUNT(1)
----------
       386

Elapsed: 00:00:00.00

1 row created.

Elapsed: 00:00:00.00

  COUNT(1)
----------
       387

Elapsed: 00:00:00.00

1 row created.

Elapsed: 00:00:00.00

  COUNT(1)
----------
       388

Elapsed: 00:00:00.00

1 row created.

Elapsed: 00:00:00.00

  COUNT(1)
----------
       389

Elapsed: 00:00:00.00

1 row created.

Elapsed: 00:00:00.00

  COUNT(1)
----------
       390

Elapsed: 00:00:00.00

1 row created.

Elapsed: 00:00:00.00

  COUNT(1)
----------
       391

Elapsed: 00:00:00.00

1 row created.

Elapsed: 00:00:00.00

  COUNT(1)
----------
       392

Elapsed: 00:00:00.00

1 row created.

Elapsed: 00:00:00.00

  COUNT(1)
----------
       393

Elapsed: 00:00:00.00

1 row created.

Elapsed: 00:00:00.01

  COUNT(1)
----------
       394

Elapsed: 00:00:00.00

1 row created.

Elapsed: 00:00:00.00

  COUNT(1)
----------
       395

Elapsed: 00:00:00.00

1 row created.

Elapsed: 00:00:00.00

  COUNT(1)
----------
       396

Elapsed: 00:00:00.00

1 row created.

Elapsed: 00:00:00.00

  COUNT(1)
----------
       397

Elapsed: 00:00:00.00

1 row created.

Elapsed: 00:00:00.00

  COUNT(1)
----------
       398

Elapsed: 00:00:00.00

1 row created.

Elapsed: 00:00:00.00

  COUNT(1)
----------
       399

Elapsed: 00:00:00.00

1 row created.

Elapsed: 00:00:00.00

  COUNT(1)
----------
       400

Elapsed: 00:00:00.00

1 row created.

Elapsed: 00:00:00.00

  COUNT(1)
----------
       401

Elapsed: 00:00:00.00

1 row created.

Elapsed: 00:00:00.00

  COUNT(1)
----------
       402

Elapsed: 00:00:00.00

1 row created.

Elapsed: 00:00:00.00

  COUNT(1)
----------
       403

Elapsed: 00:00:00.00

1 row created.

Elapsed: 00:00:00.00

  COUNT(1)
----------
       404

Elapsed: 00:00:00.00

1 row created.

Elapsed: 00:00:00.00

  COUNT(1)
----------
       405

Elapsed: 00:00:00.00

1 row created.

Elapsed: 00:00:00.00

  COUNT(1)
----------
       406

Elapsed: 00:00:00.00

1 row created.

Elapsed: 00:00:00.00

  COUNT(1)
----------
       407

Elapsed: 00:00:00.00

1 row created.

Elapsed: 00:00:00.00

  COUNT(1)
----------
       408

Elapsed: 00:00:00.00

1 row created.

Elapsed: 00:00:00.00

  COUNT(1)
----------
       409

Elapsed: 00:00:00.00

1 row created.

Elapsed: 00:00:00.00

  COUNT(1)
----------
       410

Elapsed: 00:00:00.00

1 row created.

Elapsed: 00:00:00.00

  COUNT(1)
----------
       411

Elapsed: 00:00:00.00

1 row created.

Elapsed: 00:00:00.00

  COUNT(1)
----------
       412

Elapsed: 00:00:00.00

1 row created.

Elapsed: 00:00:00.00

  COUNT(1)
----------
       413

Elapsed: 00:00:00.00

1 row created.

Elapsed: 00:00:00.00

  COUNT(1)
----------
       414

Elapsed: 00:00:00.00

1 row created.

Elapsed: 00:00:00.00

  COUNT(1)
----------
       415

Elapsed: 00:00:00.00

1 row created.

Elapsed: 00:00:00.00

  COUNT(1)
----------
       416

Elapsed: 00:00:00.00

1 row created.

Elapsed: 00:00:00.00

  COUNT(1)
----------
       417

Elapsed: 00:00:00.01

1 row created.

Elapsed: 00:00:00.00

  COUNT(1)
----------
       418

Elapsed: 00:00:00.00

1 row created.

Elapsed: 00:00:00.00

  COUNT(1)
----------
       419

Elapsed: 00:00:00.00

1 row created.

Elapsed: 00:00:00.00

  COUNT(1)
----------
       420

Elapsed: 00:00:00.00

1 row created.

Elapsed: 00:00:00.00

  COUNT(1)
----------
       421

Elapsed: 00:00:00.00

1 row created.

Elapsed: 00:00:00.01

  COUNT(1)
----------
       422

Elapsed: 00:00:00.00

1 row created.

Elapsed: 00:00:00.00

  COUNT(1)
----------
       423

Elapsed: 00:00:00.00

1 row created.

Elapsed: 00:00:00.00

  COUNT(1)
----------
       424

Elapsed: 00:00:00.00

1 row created.

Elapsed: 00:00:00.00

  COUNT(1)
----------
       425

Elapsed: 00:00:00.00

1 row created.

Elapsed: 00:00:00.00

  COUNT(1)
----------
       426

Elapsed: 00:00:00.00

1 row created.

Elapsed: 00:00:00.00

  COUNT(1)
----------
       427

Elapsed: 00:00:00.00

1 row created.

Elapsed: 00:00:00.00

  COUNT(1)
----------
       428

Elapsed: 00:00:00.00
